app/build/app/intermediates/manifest_merge_blame_file/devDebug/manifest-merger-blame-dev-debug-report.txt
1<?xml version="1.0" encoding="utf-8"?>
2<manifest xmlns:android="http://schemas.android.com/apk/res/android"
3    package="com.craftech360.avm"
4    android:versionCode="86"
5    android:versionName="1.0.20" >
6
7    <uses-sdk
8        android:minSdkVersion="24"
9        android:targetSdkVersion="34" />
10    <!--
11         Flutter needs it to communicate with the running application
12         to allow setting breakpoints, to provide hot reload, etc.
13    -->
14    <uses-permission android:name="android.permission.INTERNET" />
14-->src\main\AndroidManifest.xml:5:5-67
14-->src\main\AndroidManifest.xml:5:22-64
15    <uses-permission android:name="android.permission.POST_NOTIFICATIONS" />
15-->src\main\AndroidManifest.xml:7:5-77
15-->src\main\AndroidManifest.xml:7:22-74
16    <!--
17 Tell Google Play Store that your app uses Bluetooth LE
18     Set android:required="true" if bluetooth is necessary
19    -->
20    <uses-feature
20-->src\main\AndroidManifest.xml:10:5-12:35
21        android:name="android.hardware.bluetooth_le"
21-->src\main\AndroidManifest.xml:11:9-53
22        android:required="true" />
22-->src\main\AndroidManifest.xml:12:9-32
23    <!--
24 New Bluetooth permissions in Android 12
25    https://developer.android.com/about/versions/12/features/bluetooth-permissions
26    -->
27    <uses-permission
27-->src\main\AndroidManifest.xml:16:5-18:58
28        android:name="android.permission.BLUETOOTH_SCAN"
28-->src\main\AndroidManifest.xml:17:9-57
29        android:usesPermissionFlags="neverForLocation" />
29-->src\main\AndroidManifest.xml:18:9-55
30    <uses-permission android:name="android.permission.BLUETOOTH_CONNECT" /> <!-- legacy for Android 11 or lower -->
30-->src\main\AndroidManifest.xml:19:5-76
30-->src\main\AndroidManifest.xml:19:22-73
31    <uses-permission
31-->src\main\AndroidManifest.xml:22:5-24:38
32        android:name="android.permission.BLUETOOTH"
32-->src\main\AndroidManifest.xml:23:9-52
33        android:maxSdkVersion="30" />
33-->src\main\AndroidManifest.xml:24:9-35
34    <uses-permission
34-->src\main\AndroidManifest.xml:25:5-27:38
35        android:name="android.permission.BLUETOOTH_ADMIN"
35-->src\main\AndroidManifest.xml:26:9-58
36        android:maxSdkVersion="30" />
36-->src\main\AndroidManifest.xml:27:9-35
37    <uses-permission
37-->src\main\AndroidManifest.xml:28:5-30:38
38        android:name="android.permission.ACCESS_FINE_LOCATION"
38-->src\main\AndroidManifest.xml:29:9-63
39        android:maxSdkVersion="35" /> <!-- legacy for Android 9 or lower -->
39-->src\main\AndroidManifest.xml:30:9-35
40    <uses-permission
40-->src\main\AndroidManifest.xml:33:5-35:38
41        android:name="android.permission.ACCESS_COARSE_LOCATION"
41-->src\main\AndroidManifest.xml:34:9-65
42        android:maxSdkVersion="28" />
42-->src\main\AndroidManifest.xml:35:9-35
43    <uses-permission android:name="android.permission.VIBRATE" />
43-->src\main\AndroidManifest.xml:37:5-66
43-->src\main\AndroidManifest.xml:37:22-63
44    <uses-permission android:name="android.permission.RECEIVE_BOOT_COMPLETED" /> <!-- INSTABUG PERMISSIONS -->
44-->src\main\AndroidManifest.xml:38:5-81
44-->src\main\AndroidManifest.xml:38:22-78
45    <uses-permission android:name="android.permission.ACCESS_NETWORK_STATE" />
45-->src\main\AndroidManifest.xml:42:5-79
45-->src\main\AndroidManifest.xml:42:22-76
46    <!--
47 <uses-permission android:name="android.permission.WRITE_EXTERNAL_STORAGE" />
48    <uses-permission android:name="android.permission.READ_EXTERNAL_STORAGE" />
49    -->
50    <uses-permission android:name="android.permission.ACCESS_WIFI_STATE" />
50-->src\main\AndroidManifest.xml:45:5-76
50-->src\main\AndroidManifest.xml:45:22-73
51    <uses-permission android:name="android.permission.RECORD_AUDIO" />
51-->src\main\AndroidManifest.xml:46:5-71
51-->src\main\AndroidManifest.xml:46:22-68
52    <uses-permission android:name="android.permission.MODIFY_AUDIO_SETTINGS" />
52-->src\main\AndroidManifest.xml:47:5-80
52-->src\main\AndroidManifest.xml:47:22-77
53    <uses-permission android:name="android.permission.WAKE_LOCK" /> <!-- In the permission part of your manifest, these permission are needed if you target Android 14 phones -->
53-->src\main\AndroidManifest.xml:49:5-68
53-->src\main\AndroidManifest.xml:49:22-65
54    <uses-permission android:name="android.permission.FOREGROUND_SERVICE" />
54-->src\main\AndroidManifest.xml:53:5-77
54-->src\main\AndroidManifest.xml:53:22-74
55    <uses-permission android:name="android.permission.FOREGROUND_SERVICE_CONNECTED_DEVICE" />
55-->src\main\AndroidManifest.xml:54:5-94
55-->src\main\AndroidManifest.xml:54:22-91
56    <uses-permission android:name="android.permission.FOREGROUND_SERVICE_MICROPHONE" />
56-->src\main\AndroidManifest.xml:55:5-88
56-->src\main\AndroidManifest.xml:55:22-85
57    <uses-permission android:name="android.permission.READ_CALENDAR" />
57-->src\main\AndroidManifest.xml:57:5-72
57-->src\main\AndroidManifest.xml:57:22-69
58    <uses-permission android:name="android.permission.WRITE_CALENDAR" />
58-->src\main\AndroidManifest.xml:58:5-73
58-->src\main\AndroidManifest.xml:58:22-70
59    <uses-permission android:name="android.permission.BROADCAST_CLOSE_SYSTEM_DIALOGS" />
59-->[:awesome_notifications] AndroidManifest.xml:7:5-89
59-->[:awesome_notifications] AndroidManifest.xml:7:22-86
60    <uses-permission
60-->[:file_picker] AndroidManifest.xml:7:5-9:38
61        android:name="android.permission.READ_EXTERNAL_STORAGE"
61-->[:file_picker] AndroidManifest.xml:8:9-64
62        android:maxSdkVersion="32" />
62-->[:file_picker] AndroidManifest.xml:9:9-35
63
64    <queries>
64-->[:file_picker] AndroidManifest.xml:11:5-17:15
65        <intent>
65-->[:file_picker] AndroidManifest.xml:12:9-16:18
66            <action android:name="android.intent.action.GET_CONTENT" />
66-->[:file_picker] AndroidManifest.xml:13:13-72
66-->[:file_picker] AndroidManifest.xml:13:21-69
67
68            <data android:mimeType="*/*" />
68-->src\main\AndroidManifest.xml:120:17-122:54
69        </intent>
70
71        <package android:name="com.google.android.apps.maps" />
71-->[:map_launcher] AndroidManifest.xml:8:9-64
71-->[:map_launcher] AndroidManifest.xml:8:18-61
72        <package android:name="com.google.android.apps.mapslite" />
72-->[:map_launcher] AndroidManifest.xml:9:9-68
72-->[:map_launcher] AndroidManifest.xml:9:18-65
73        <package android:name="com.autonavi.minimap" />
73-->[:map_launcher] AndroidManifest.xml:10:9-56
73-->[:map_launcher] AndroidManifest.xml:10:18-53
74        <package android:name="com.baidu.BaiduMap" />
74-->[:map_launcher] AndroidManifest.xml:11:9-54
74-->[:map_launcher] AndroidManifest.xml:11:18-51
75        <package android:name="com.waze" />
75-->[:map_launcher] AndroidManifest.xml:12:9-44
75-->[:map_launcher] AndroidManifest.xml:12:18-41
76        <package android:name="ru.yandex.yandexnavi" />
76-->[:map_launcher] AndroidManifest.xml:13:9-56
76-->[:map_launcher] AndroidManifest.xml:13:18-53
77        <package android:name="ru.yandex.yandexmaps" />
77-->[:map_launcher] AndroidManifest.xml:14:9-56
77-->[:map_launcher] AndroidManifest.xml:14:18-53
78        <package android:name="com.citymapper.app.release" />
78-->[:map_launcher] AndroidManifest.xml:15:9-62
78-->[:map_launcher] AndroidManifest.xml:15:18-59
79        <package android:name="com.mapswithme.maps.pro" />
79-->[:map_launcher] AndroidManifest.xml:16:9-59
79-->[:map_launcher] AndroidManifest.xml:16:18-56
80        <package android:name="net.osmand" />
80-->[:map_launcher] AndroidManifest.xml:17:9-46
80-->[:map_launcher] AndroidManifest.xml:17:18-43
81        <package android:name="net.osmand.plus" />
81-->[:map_launcher] AndroidManifest.xml:18:9-51
81-->[:map_launcher] AndroidManifest.xml:18:18-48
82        <package android:name="ru.dublgis.dgismobile" />
82-->[:map_launcher] AndroidManifest.xml:19:9-57
82-->[:map_launcher] AndroidManifest.xml:19:18-54
83        <package android:name="com.tencent.map" />
83-->[:map_launcher] AndroidManifest.xml:20:9-51
83-->[:map_launcher] AndroidManifest.xml:20:18-48
84        <package android:name="com.here.app.maps" />
84-->[:map_launcher] AndroidManifest.xml:21:9-53
84-->[:map_launcher] AndroidManifest.xml:21:18-50
85        <package android:name="com.huawei.maps.app" />
85-->[:map_launcher] AndroidManifest.xml:22:9-55
85-->[:map_launcher] AndroidManifest.xml:22:18-52
86        <package android:name="com.alk.copilot.mapviewer" />
86-->[:map_launcher] AndroidManifest.xml:23:9-61
86-->[:map_launcher] AndroidManifest.xml:23:18-58
87        <package android:name="com.tomtom.gplay.navapp" />
87-->[:map_launcher] AndroidManifest.xml:24:9-59
87-->[:map_launcher] AndroidManifest.xml:24:18-56
88        <package android:name="com.tomtom.gplay.navapp.gofleet" />
88-->[:map_launcher] AndroidManifest.xml:25:9-67
88-->[:map_launcher] AndroidManifest.xml:25:18-64
89        <package android:name="com.sygic.truck" />
89-->[:map_launcher] AndroidManifest.xml:26:9-51
89-->[:map_launcher] AndroidManifest.xml:26:18-48
90        <package android:name="nl.flitsmeister" />
90-->[:map_launcher] AndroidManifest.xml:27:9-51
90-->[:map_launcher] AndroidManifest.xml:27:18-48
91        <package android:name="nl.flitsmeister.flux" />
91-->[:map_launcher] AndroidManifest.xml:28:9-56
91-->[:map_launcher] AndroidManifest.xml:28:18-53
92        <package android:name="com.nhn.android.nmap" />
92-->[:map_launcher] AndroidManifest.xml:29:9-56
92-->[:map_launcher] AndroidManifest.xml:29:18-53
93        <package android:name="net.daum.android.map" />
93-->[:map_launcher] AndroidManifest.xml:30:9-56
93-->[:map_launcher] AndroidManifest.xml:30:18-53
94        <package android:name="com.skt.tmap.ku" />
94-->[:map_launcher] AndroidManifest.xml:31:9-51
94-->[:map_launcher] AndroidManifest.xml:31:18-48
95        <package android:name="cz.seznam.mapy" />
95-->[:map_launcher] AndroidManifest.xml:32:9-50
95-->[:map_launcher] AndroidManifest.xml:32:18-47
96        <package android:name="com.mmi.maps" />
96-->[:map_launcher] AndroidManifest.xml:33:9-48
96-->[:map_launcher] AndroidManifest.xml:33:18-45
97
98        <intent>
98-->[com.instabug.library:instabug-survey:13.4.1] AndroidManifest.xml:8:9-12:18
99            <action android:name="android.intent.action.VIEW" />
99-->src\main\AndroidManifest.xml:115:17-69
99-->src\main\AndroidManifest.xml:115:25-66
100
101            <data android:scheme="http" />
101-->src\main\AndroidManifest.xml:120:17-122:54
101-->src\main\AndroidManifest.xml:122:21-51
102        </intent>
103        <intent>
103-->[com.instabug.library:instabug-survey:13.4.1] AndroidManifest.xml:13:9-17:18
104            <action android:name="android.intent.action.VIEW" />
104-->src\main\AndroidManifest.xml:115:17-69
104-->src\main\AndroidManifest.xml:115:25-66
105
106            <data android:scheme="https" />
106-->src\main\AndroidManifest.xml:120:17-122:54
106-->src\main\AndroidManifest.xml:122:21-51
107        </intent>
108    </queries>
109
110    <uses-permission
110-->[me.carda:AndroidAwnCore:0.10.0] AndroidManifest.xml:9:5-12:47
111        android:name="android.permission.BIND_NOTIFICATION_LISTENER_SERVICE"
111-->[me.carda:AndroidAwnCore:0.10.0] AndroidManifest.xml:10:9-77
112        android:maxSdkVersion="22" />
112-->[me.carda:AndroidAwnCore:0.10.0] AndroidManifest.xml:11:9-35
113    <uses-permission android:name="android.permission.READ_MEDIA_IMAGES" />
113-->[com.instabug.library:instabug-core:13.4.1] AndroidManifest.xml:10:5-76
113-->[com.instabug.library:instabug-core:13.4.1] AndroidManifest.xml:10:22-73
114    <uses-permission android:name="android.permission.READ_MEDIA_VIDEO" />
114-->[com.instabug.library:instabug-core:13.4.1] AndroidManifest.xml:11:5-75
114-->[com.instabug.library:instabug-core:13.4.1] AndroidManifest.xml:11:22-72
115    <uses-permission android:name="android.permission.DETECT_SCREEN_CAPTURE" /> <!-- Create a unique permission for your app and use it so only your app can receive your OneSignal messages. -->
115-->[com.instabug.library:instabug-core:13.4.1] AndroidManifest.xml:16:5-80
115-->[com.instabug.library:instabug-core:13.4.1] AndroidManifest.xml:16:22-77
116    <permission
116-->[com.onesignal:notifications:5.1.25] AndroidManifest.xml:10:5-12:47
117        android:name="com.craftech360.avm.permission.C2D_MESSAGE"
117-->[com.onesignal:notifications:5.1.25] AndroidManifest.xml:11:9-63
118        android:protectionLevel="signature" />
118-->[com.onesignal:notifications:5.1.25] AndroidManifest.xml:12:9-44
119
120    <uses-permission android:name="com.craftech360.avm.permission.C2D_MESSAGE" /> <!-- c2dm RECEIVE are basic requirements for push messages through Google's FCM -->
120-->[com.onesignal:notifications:5.1.25] AndroidManifest.xml:14:5-79
120-->[com.onesignal:notifications:5.1.25] AndroidManifest.xml:14:22-76
121    <uses-permission android:name="com.google.android.c2dm.permission.RECEIVE" /> <!-- START: ShortcutBadger -->
121-->[com.onesignal:notifications:5.1.25] AndroidManifest.xml:19:5-82
121-->[com.onesignal:notifications:5.1.25] AndroidManifest.xml:19:22-79
122    <!-- Samsung -->
123    <uses-permission android:name="com.sec.android.provider.badge.permission.READ" />
123-->[com.onesignal:notifications:5.1.25] AndroidManifest.xml:31:5-86
123-->[com.onesignal:notifications:5.1.25] AndroidManifest.xml:31:22-83
124    <uses-permission android:name="com.sec.android.provider.badge.permission.WRITE" /> <!-- HTC -->
124-->[com.onesignal:notifications:5.1.25] AndroidManifest.xml:32:5-87
124-->[com.onesignal:notifications:5.1.25] AndroidManifest.xml:32:22-84
125    <uses-permission android:name="com.htc.launcher.permission.READ_SETTINGS" />
125-->[com.onesignal:notifications:5.1.25] AndroidManifest.xml:33:5-81
125-->[com.onesignal:notifications:5.1.25] AndroidManifest.xml:33:22-78
126    <uses-permission android:name="com.htc.launcher.permission.UPDATE_SHORTCUT" /> <!-- Sony -->
126-->[com.onesignal:notifications:5.1.25] AndroidManifest.xml:34:5-83
126-->[com.onesignal:notifications:5.1.25] AndroidManifest.xml:34:22-80
127    <uses-permission android:name="com.sonyericsson.home.permission.BROADCAST_BADGE" />
127-->[com.onesignal:notifications:5.1.25] AndroidManifest.xml:35:5-88
127-->[com.onesignal:notifications:5.1.25] AndroidManifest.xml:35:22-85
128    <uses-permission android:name="com.sonymobile.home.permission.PROVIDER_INSERT_BADGE" /> <!-- Apex -->
128-->[com.onesignal:notifications:5.1.25] AndroidManifest.xml:36:5-92
128-->[com.onesignal:notifications:5.1.25] AndroidManifest.xml:36:22-89
129    <uses-permission android:name="com.anddoes.launcher.permission.UPDATE_COUNT" /> <!-- Solid -->
129-->[com.onesignal:notifications:5.1.25] AndroidManifest.xml:37:5-84
129-->[com.onesignal:notifications:5.1.25] AndroidManifest.xml:37:22-81
130    <uses-permission android:name="com.majeur.launcher.permission.UPDATE_BADGE" /> <!-- Huawei -->
130-->[com.onesignal:notifications:5.1.25] AndroidManifest.xml:38:5-83
130-->[com.onesignal:notifications:5.1.25] AndroidManifest.xml:38:22-80
131    <uses-permission android:name="com.huawei.android.launcher.permission.CHANGE_BADGE" />
131-->[com.onesignal:notifications:5.1.25] AndroidManifest.xml:39:5-91
131-->[com.onesignal:notifications:5.1.25] AndroidManifest.xml:39:22-88
132    <uses-permission android:name="com.huawei.android.launcher.permission.READ_SETTINGS" />
132-->[com.onesignal:notifications:5.1.25] AndroidManifest.xml:40:5-92
132-->[com.onesignal:notifications:5.1.25] AndroidManifest.xml:40:22-89
133    <uses-permission android:name="com.huawei.android.launcher.permission.WRITE_SETTINGS" /> <!-- ZUK -->
133-->[com.onesignal:notifications:5.1.25] AndroidManifest.xml:41:5-93
133-->[com.onesignal:notifications:5.1.25] AndroidManifest.xml:41:22-90
134    <uses-permission android:name="android.permission.READ_APP_BADGE" /> <!-- OPPO -->
134-->[com.onesignal:notifications:5.1.25] AndroidManifest.xml:42:5-73
134-->[com.onesignal:notifications:5.1.25] AndroidManifest.xml:42:22-70
135    <uses-permission android:name="com.oppo.launcher.permission.READ_SETTINGS" />
135-->[com.onesignal:notifications:5.1.25] AndroidManifest.xml:43:5-82
135-->[com.onesignal:notifications:5.1.25] AndroidManifest.xml:43:22-79
136    <uses-permission android:name="com.oppo.launcher.permission.WRITE_SETTINGS" /> <!-- EvMe -->
136-->[com.onesignal:notifications:5.1.25] AndroidManifest.xml:44:5-83
136-->[com.onesignal:notifications:5.1.25] AndroidManifest.xml:44:22-80
137    <uses-permission android:name="me.everything.badger.permission.BADGE_COUNT_READ" />
137-->[com.onesignal:notifications:5.1.25] AndroidManifest.xml:45:5-88
137-->[com.onesignal:notifications:5.1.25] AndroidManifest.xml:45:22-85
138    <uses-permission android:name="me.everything.badger.permission.BADGE_COUNT_WRITE" />
138-->[com.onesignal:notifications:5.1.25] AndroidManifest.xml:46:5-89
138-->[com.onesignal:notifications:5.1.25] AndroidManifest.xml:46:22-86
139    <uses-permission android:name="com.google.android.providers.gsf.permission.READ_GSERVICES" />
139-->[com.google.android.recaptcha:recaptcha:18.5.1] AndroidManifest.xml:9:5-98
139-->[com.google.android.recaptcha:recaptcha:18.5.1] AndroidManifest.xml:9:22-95
140
141    <permission
141-->[androidx.core:core:1.13.1] AndroidManifest.xml:22:5-24:47
142        android:name="com.craftech360.avm.DYNAMIC_RECEIVER_NOT_EXPORTED_PERMISSION"
142-->[androidx.core:core:1.13.1] AndroidManifest.xml:23:9-81
143        android:protectionLevel="signature" />
143-->[androidx.core:core:1.13.1] AndroidManifest.xml:24:9-44
144
145    <uses-permission android:name="com.craftech360.avm.DYNAMIC_RECEIVER_NOT_EXPORTED_PERMISSION" /> <!-- Add android:stopWithTask option only when necessary. -->
145-->[androidx.core:core:1.13.1] AndroidManifest.xml:26:5-97
145-->[androidx.core:core:1.13.1] AndroidManifest.xml:26:22-94
146    <application
146-->src\main\AndroidManifest.xml:61:5-134:19
147        android:appComponentFactory="androidx.core.app.CoreComponentFactory"
147-->[androidx.core:core:1.13.1] AndroidManifest.xml:28:18-86
148        android:debuggable="true"
149        android:enableOnBackInvokedCallback="true"
149-->src\main\AndroidManifest.xml:67:9-51
150        android:extractNativeLibs="false"
151        android:icon="@mipmap/ic_launcher"
151-->src\main\AndroidManifest.xml:62:9-43
152        android:label="@string/app_name"
152-->src\main\AndroidManifest.xml:63:9-41
153        android:requestLegacyExternalStorage="true"
153-->src\main\AndroidManifest.xml:64:9-52
154        android:usesCleartextTraffic="true" >
154-->src\main\AndroidManifest.xml:65:9-44
155        <service
155-->src\main\AndroidManifest.xml:69:9-73:43
156            android:name="com.pravera.flutter_foreground_task.service.ForegroundService"
156-->src\main\AndroidManifest.xml:70:13-89
157            android:exported="false"
157-->src\main\AndroidManifest.xml:71:13-37
158            android:foregroundServiceType="connectedDevice"
158-->src\main\AndroidManifest.xml:72:13-60
159            android:stopWithTask="true" />
159-->src\main\AndroidManifest.xml:73:13-40
160        <service
160-->src\main\AndroidManifest.xml:74:10-76:57
161            android:name="id.flutter.flutter_background_service.BackgroundService"
161-->src\main\AndroidManifest.xml:75:13-83
162            android:enabled="true"
162-->[:flutter_background_service_android] AndroidManifest.xml:14:13-35
163            android:exported="true"
163-->[:flutter_background_service_android] AndroidManifest.xml:15:13-36
164            android:foregroundServiceType="microphone"
164-->src\main\AndroidManifest.xml:76:13-55
165            android:stopWithTask="false" />
165-->[:flutter_background_service_android] AndroidManifest.xml:16:13-41
166        <service
166-->src\main\AndroidManifest.xml:78:9-81:39
167            android:name="com.craftech360.avm.NotificationOnKillService"
167-->src\main\AndroidManifest.xml:79:13-54
168            android:enabled="true"
168-->src\main\AndroidManifest.xml:80:13-35
169            android:exported="false" />
169-->src\main\AndroidManifest.xml:81:13-37
170
171        <activity
171-->src\main\AndroidManifest.xml:83:9-125:20
172            android:name="com.craftech360.avm.MainActivity"
172-->src\main\AndroidManifest.xml:84:13-41
173            android:configChanges="orientation|keyboardHidden|keyboard|screenSize|smallestScreenSize|locale|layoutDirection|fontScale|screenLayout|density|uiMode"
173-->src\main\AndroidManifest.xml:85:13-163
174            android:exported="true"
174-->src\main\AndroidManifest.xml:86:13-36
175            android:hardwareAccelerated="true"
175-->src\main\AndroidManifest.xml:87:13-47
176            android:launchMode="singleTop"
176-->src\main\AndroidManifest.xml:88:13-43
177            android:theme="@style/LaunchTheme"
177-->src\main\AndroidManifest.xml:89:13-47
178            android:windowSoftInputMode="adjustResize" >
178-->src\main\AndroidManifest.xml:90:13-55
179
180            <!--
181                 Specifies an Android theme to apply to this Activity as soon as
182                 the Android process has started. This theme is visible to the user
183                 while the Flutter UI initializes. After that, this theme continues
184                 to determine the Window background behind the Flutter UI.
185            -->
186            <meta-data
186-->src\main\AndroidManifest.xml:95:13-97:57
187                android:name="io.flutter.embedding.android.NormalTheme"
187-->src\main\AndroidManifest.xml:96:17-72
188                android:resource="@style/NormalTheme" />
188-->src\main\AndroidManifest.xml:97:17-54
189            <!--
190                 Displays an Android View that continues showing the launch screen
191                 Drawable until Flutter paints its first frame, then this splash
192                 screen fades out. A splash screen is useful to avoid any visual
193                 gap between the end of Android's launch screen and the painting of
194                 Flutter's first frame.
195            -->
196            <meta-data
196-->src\main\AndroidManifest.xml:103:13-105:66
197                android:name="io.flutter.embedding.android.SplashScreenDrawable"
197-->src\main\AndroidManifest.xml:104:17-81
198                android:resource="@drawable/launch_background" />
198-->src\main\AndroidManifest.xml:105:17-63
199
200            <intent-filter>
200-->src\main\AndroidManifest.xml:106:13-109:29
201                <action android:name="android.intent.action.MAIN" />
201-->src\main\AndroidManifest.xml:107:17-69
201-->src\main\AndroidManifest.xml:107:25-66
202
203                <category android:name="android.intent.category.LAUNCHER" />
203-->src\main\AndroidManifest.xml:108:17-77
203-->src\main\AndroidManifest.xml:108:27-74
204            </intent-filter>
205            <!-- Deep linking -->
206            <meta-data
206-->src\main\AndroidManifest.xml:111:13-113:40
207                android:name="flutter_deeplinking_enabled"
207-->src\main\AndroidManifest.xml:112:17-59
208                android:value="true" />
208-->src\main\AndroidManifest.xml:113:17-37
209
210            <intent-filter android:autoVerify="true" >
210-->src\main\AndroidManifest.xml:114:13-123:29
210-->src\main\AndroidManifest.xml:114:28-53
211                <action android:name="android.intent.action.VIEW" />
211-->src\main\AndroidManifest.xml:115:17-69
211-->src\main\AndroidManifest.xml:115:25-66
212
213                <category android:name="android.intent.category.DEFAULT" />
213-->src\main\AndroidManifest.xml:117:17-76
213-->src\main\AndroidManifest.xml:117:27-73
214                <category android:name="android.intent.category.BROWSABLE" />
214-->src\main\AndroidManifest.xml:118:17-78
214-->src\main\AndroidManifest.xml:118:27-75
215
216                <data
216-->src\main\AndroidManifest.xml:120:17-122:54
217                    android:host="friendprivate.com"
217-->src\main\AndroidManifest.xml:121:21-53
218                    android:scheme="friendprivate" />
218-->src\main\AndroidManifest.xml:122:21-51
219            </intent-filter>
220        </activity>
221
222        <!--
223             Don't delete the meta-data below.
224             This is used by the Flutter tool to generate GeneratedPluginRegistrant.java
225        -->
226        <meta-data
226-->src\main\AndroidManifest.xml:129:9-131:33
227            android:name="flutterEmbedding"
227-->src\main\AndroidManifest.xml:130:13-44
228            android:value="2" />
228-->src\main\AndroidManifest.xml:131:13-30
229
230        <receiver
230-->[:awesome_notifications] AndroidManifest.xml:10:9-12:39
231            android:name="me.carda.awesome_notifications.DartNotificationActionReceiver"
231-->[:awesome_notifications] AndroidManifest.xml:11:13-89
232            android:exported="true" />
232-->[:awesome_notifications] AndroidManifest.xml:12:13-36
233        <receiver
233-->[:awesome_notifications] AndroidManifest.xml:13:9-15:39
234            android:name="me.carda.awesome_notifications.DartDismissedNotificationReceiver"
234-->[:awesome_notifications] AndroidManifest.xml:14:13-92
235            android:exported="true" />
235-->[:awesome_notifications] AndroidManifest.xml:15:13-36
236        <receiver
236-->[:awesome_notifications] AndroidManifest.xml:16:9-18:39
237            android:name="me.carda.awesome_notifications.DartScheduledNotificationReceiver"
237-->[:awesome_notifications] AndroidManifest.xml:17:13-92
238            android:exported="true" />
238-->[:awesome_notifications] AndroidManifest.xml:18:13-36
239        <receiver
239-->[:awesome_notifications] AndroidManifest.xml:19:9-33:20
240            android:name="me.carda.awesome_notifications.DartRefreshSchedulesReceiver"
240-->[:awesome_notifications] AndroidManifest.xml:20:13-87
241            android:enabled="true"
241-->[:awesome_notifications] AndroidManifest.xml:21:13-35
242            android:exported="true" >
242-->[:awesome_notifications] AndroidManifest.xml:22:13-36
243            <intent-filter>
243-->[:awesome_notifications] AndroidManifest.xml:23:13-32:29
244                <category android:name="android.intent.category.DEFAULT" />
244-->src\main\AndroidManifest.xml:117:17-76
244-->src\main\AndroidManifest.xml:117:27-73
245
246                <action android:name="android.intent.action.BOOT_COMPLETED" />
246-->[:awesome_notifications] AndroidManifest.xml:26:17-79
246-->[:awesome_notifications] AndroidManifest.xml:26:25-76
247                <action android:name="android.intent.action.LOCKED_BOOT_COMPLETED" />
247-->[:awesome_notifications] AndroidManifest.xml:27:17-86
247-->[:awesome_notifications] AndroidManifest.xml:27:25-83
248                <action android:name="android.intent.action.MY_PACKAGE_REPLACED" />
248-->[:awesome_notifications] AndroidManifest.xml:28:17-84
248-->[:awesome_notifications] AndroidManifest.xml:28:25-81
249                <action android:name="android.intent.action.QUICKBOOT_POWERON" />
249-->[:awesome_notifications] AndroidManifest.xml:29:17-82
249-->[:awesome_notifications] AndroidManifest.xml:29:25-79
250                <action android:name="com.htc.intent.action.QUICKBOOT_POWERON" />
250-->[:awesome_notifications] AndroidManifest.xml:30:17-82
250-->[:awesome_notifications] AndroidManifest.xml:30:25-79
251                <action android:name="android.app.action.SCHEDULE_EXACT_ALARM_PERMISSION_STATE_CHANGED" />
251-->[:awesome_notifications] AndroidManifest.xml:31:17-107
251-->[:awesome_notifications] AndroidManifest.xml:31:25-104
252            </intent-filter>
253        </receiver>
254
255        <service
255-->[:awesome_notifications] AndroidManifest.xml:35:9-38:72
256            android:name="me.carda.awesome_notifications.DartBackgroundService"
256-->[:awesome_notifications] AndroidManifest.xml:36:13-80
257            android:exported="false"
257-->[:awesome_notifications] AndroidManifest.xml:37:13-37
258            android:permission="android.permission.BIND_JOB_SERVICE" />
258-->[:awesome_notifications] AndroidManifest.xml:38:13-69
259        <service
259-->[:awesome_notifications] AndroidManifest.xml:39:9-44:43
260            android:name="me.carda.awesome_notifications.core.services.ForegroundService"
260-->[:awesome_notifications] AndroidManifest.xml:40:13-90
261            android:enabled="true"
261-->[:awesome_notifications] AndroidManifest.xml:41:13-35
262            android:exported="false"
262-->[:awesome_notifications] AndroidManifest.xml:42:13-37
263            android:foregroundServiceType="phoneCall"
263-->[:awesome_notifications] AndroidManifest.xml:43:13-54
264            android:stopWithTask="true" />
264-->[:awesome_notifications] AndroidManifest.xml:44:13-40
265        <service
265-->[:firebase_auth] AndroidManifest.xml:8:9-12:19
266            android:name="com.google.firebase.components.ComponentDiscoveryService"
266-->[:firebase_auth] AndroidManifest.xml:8:18-89
267            android:directBootAware="true"
267-->[com.google.firebase:firebase-common:21.0.0] AndroidManifest.xml:32:13-43
268            android:exported="false" >
268-->[com.google.firebase:firebase-auth:23.1.0] AndroidManifest.xml:68:13-37
269            <meta-data
269-->[:firebase_auth] AndroidManifest.xml:9:13-11:85
270                android:name="com.google.firebase.components:io.flutter.plugins.firebase.auth.FlutterFirebaseAuthRegistrar"
270-->[:firebase_auth] AndroidManifest.xml:10:17-124
271                android:value="com.google.firebase.components.ComponentRegistrar" />
271-->[:firebase_auth] AndroidManifest.xml:11:17-82
272            <meta-data
272-->[:firebase_core] AndroidManifest.xml:9:13-11:85
273                android:name="com.google.firebase.components:io.flutter.plugins.firebase.core.FlutterFirebaseCoreRegistrar"
273-->[:firebase_core] AndroidManifest.xml:10:17-124
274                android:value="com.google.firebase.components.ComponentRegistrar" />
274-->[:firebase_core] AndroidManifest.xml:11:17-82
275            <meta-data